<?xml version="1.0" encoding="UTF-8"?>
<testng-results ignored="0" total="1" passed="1" failed="0" skipped="0">
  <reporter-output>
  </reporter-output>
  <suite started-at="2020-10-27T13:12:33Z" name="Default suite" finished-at="2020-10-27T13:12:43Z" duration-ms="10549">
    <groups>
    </groups>
    <test started-at="2020-10-27T13:12:33Z" name="Default test" finished-at="2020-10-27T13:12:43Z" duration-ms="10549">
      <class name="demo">
        <test-method is-config="true" signature="beforeMethod()[pri:0, instance:demo@c541b5ff]" started-at="2020-10-27T18:42:33Z" name="beforeMethod" finished-at="2020-10-27T18:42:38Z" duration-ms="5547" status="PASS">
          <reporter-output>
          </reporter-output>
        </test-method> <!-- beforeMethod -->
        <test-method signature="f()[pri:0, instance:demo@c541b5ff]" started-at="2020-10-27T18:42:38Z" name="f" finished-at="2020-10-27T18:42:42Z" duration-ms="4017" status="PASS">
          <reporter-output>
          </reporter-output>
        </test-method> <!-- f -->
        <test-method is-config="true" signature="afterMethod()[pri:0, instance:demo@c541b5ff]" started-at="2020-10-27T18:42:42Z" name="afterMethod" finished-at="2020-10-27T18:42:43Z" duration-ms="909" status="PASS">
          <reporter-output>
          </reporter-output>
        </test-method> <!-- afterMethod -->
      </class> <!-- demo -->
    </test> <!-- Default test -->
  </suite> <!-- Default suite -->
</testng-results>
